2024-12-19 07.04.59; Inicio de Ejecución BotUpdateCanal
2024-12-19 07:05:28; El iturriapp no esta pidiendo cambio de contraseña
2024-12-19 07:05:59; Fin del robot del robot WebIturri y se descargo completo el reporte
2024-12-19 07:06:01; Procesando las Dams e ingresar a la web sunat
2024-12-19 07:06:59; Dam 33667 aun no tiene CANAL
2024-12-19 07:07:17; Dam 22340 aun no tiene CANAL
2024-12-19 07:07:34; Dam 33388 aun no tiene CANAL
2024-12-19 07:07:35; 33387 Ya esta registrado en la DB
2024-12-19 07:07:51; Dam 22729 aun no tiene CANAL
2024-12-19 07:08:09; Dam 33263 aun no tiene CANAL
2024-12-19 07:08:26; Dam 33261 aun no tiene CANAL
2024-12-19 07:08:43; Dam 33259 aun no tiene CANAL
2024-12-19 07:09:00; Dam 33258 aun no tiene CANAL
2024-12-19 07:09:18; Dam 22716 aun no tiene CANAL
2024-12-19 07:09:35; Dam 22711 aun no tiene CANAL
2024-12-19 07:09:52; Dam 22457 aun no tiene CANAL
2024-12-19 07:10:09; Dam 22126 aun no tiene CANAL
2024-12-19 07:10:27; Dam 22475 aun no tiene CANAL
2024-12-19 07:13:03; Dam 22345 aun no tiene CANAL
2024-12-19 07:13:20; Dam 22346 aun no tiene CANAL
2024-12-19 07:13:38; Dam 33679 aun no tiene CANAL
2024-12-19 07:13:55; Dam 22808 aun no tiene CANAL
2024-12-19 07:14:12; Dam 22723 aun no tiene CANAL
2024-12-19 07:14:30; Dam 33682 aun no tiene CANAL
2024-12-19 07:14:47; Dam 22830 aun no tiene CANAL
2024-12-19 07:16:14; Dam 33675 aun no tiene CANAL
2024-12-19 07:16:32; Dam 33668 aun no tiene CANAL
2024-12-19 07:16:49; Dam 22815 aun no tiene CANAL
2024-12-19 07:17:07; Dam 33671 aun no tiene CANAL
2024-12-19 07:17:24; Dam 22814 aun no tiene CANAL
2024-12-19 07:17:41; Dam 22813 aun no tiene CANAL
2024-12-19 07:17:59; Dam 22827 aun no tiene CANAL
2024-12-19 07:19:20; Dam 33673 aun no tiene CANAL
2024-12-19 07:19:38; Dam 33672 aun no tiene CANAL
2024-12-19 07:23:49; Dam 3313 aun no tiene CANAL
2024-12-19 07:26:56; Dam 50674 aun no tiene CANAL
2024-12-19 07:33:04; Dam 51501 aun no tiene CANAL
2024-12-19 07:33:57; Dam 51503 aun no tiene CANAL
2024-12-19 07:37:04; Dam 51452 aun no tiene CANAL
2024-12-19 07:44:38; se cerro la pagina de SUNAT con éxito
2024-12-19 07:45:13; El iturriapp no esta pidiendo cambio de contraseña
2024-12-19 08:36:08; No salió la alerta de guardar cambios del BK 248062666