2024-12-26 05.14.43; Inicio de Ejecución BotUpdateCanal
2024-12-26 05:15:12; El iturriapp no esta pidiendo cambio de contraseña
2024-12-26 05:15:42; Fin del robot del robot WebIturri y se descargo completo el reporte
2024-12-26 05:15:43; Procesando las Dams e ingresar a la web sunat
2024-12-26 05:16:40; Dam 23100 aun no tiene CANAL
2024-12-26 05:16:57; Dam 3329 aun no tiene CANAL
2024-12-26 05:16:58; 52259 Ya esta registrado en la DB
2024-12-26 05:16:58; 34456 Ya esta registrado en la DB
2024-12-26 05:16:59; 34459 Ya esta registrado en la DB
2024-12-26 05:16:59; 23077 Ya esta registrado en la DB
2024-12-26 05:16:59; 34676 Ya esta registrado en la DB
2024-12-26 05:16:59; 9204 Ya esta registrado en la DB
2024-12-26 05:17:15; Dam 23106 aun no tiene CANAL
2024-12-26 05:17:32; Dam 23103 aun no tiene CANAL
2024-12-26 05:17:50; Dam 23104 aun no tiene CANAL
2024-12-26 05:17:51; 22810 Ya esta registrado en la DB
2024-12-26 05:17:51; 35161 Ya esta registrado en la DB
2024-12-26 05:17:51; 9207 Ya esta registrado en la DB
2024-12-26 05:17:51; 9206 Ya esta registrado en la DB
2024-12-26 05:17:51; 35152 Ya esta registrado en la DB
2024-12-26 05:18:07; Dam 23192 aun no tiene CANAL
2024-12-26 05:18:08; 23190 Ya esta registrado en la DB
2024-12-26 05:18:08; 23271 Ya esta registrado en la DB
2024-12-26 05:18:09; 23361 Ya esta registrado en la DB
2024-12-26 05:18:09; 52845 Ya esta registrado en la DB
2024-12-26 05:18:25; Dam 53025 aun no tiene CANAL
2024-12-26 05:18:26; 53557 Ya esta registrado en la DB
2024-12-26 05:18:26; 51839 Ya esta registrado en la DB
2024-12-26 05:18:34; se cerro la pagina de SUNAT con éxito
2024-12-26 05:18:40; No se pudo encontrar datos a procesar