2024-10-28 10.41.37; Inicio de Ejecución BotUpdateCanal
2024-10-28 10:42:06; El iturriapp no esta pidiendo cambio de contraseña
2024-10-28 10:42:37; Fin del robot del robot WebIturri y se descargo completo el reporte
2024-10-28 10:42:40; Procesando las Dams e ingresar a la web sunat
2024-10-28 10:44:14; Dam 16151 aun no tiene CANAL
2024-10-28 10:44:31; Dam 16170 aun no tiene CANAL
2024-10-28 10:44:49; Dam 16171 aun no tiene CANAL
2024-10-28 10:45:07; Dam 2964 aun no tiene CANAL
2024-10-28 10:45:24; Dam 2963 aun no tiene CANAL
2024-10-28 10:45:41; Dam 16037 aun no tiene CANAL
2024-10-28 10:48:57; Dam 16120 aun no tiene CANAL
2024-10-28 10:49:50; Dam 31741 aun no tiene CANAL
2024-10-28 10:52:34; Dam 16309 aun no tiene CANAL
2024-10-28 10:52:51; Dam 15954 aun no tiene CANAL
2024-10-28 10:53:43; Dam 15930 aun no tiene CANAL
2024-10-28 10:54:00; Dam 15932 aun no tiene CANAL
2024-10-28 10:54:18; Dam 15933 aun no tiene CANAL
2024-10-28 10:54:35; Dam 15934 aun no tiene CANAL
2024-10-28 10:55:27; Dam 15936 aun no tiene CANAL
2024-10-28 10:55:45; Dam 15926 aun no tiene CANAL
2024-10-28 10:56:02; Dam 15929 aun no tiene CANAL
2024-10-28 10:56:20; Dam 15927 aun no tiene CANAL