2024-12-26 06.14.44; Inicio de Ejecución BotUpdateCanal
2024-12-26 06:15:12; El iturriapp no esta pidiendo cambio de contraseña
2024-12-26 06:15:43; Fin del robot del robot WebIturri y se descargo completo el reporte
2024-12-26 06:15:43; Procesando las Dams e ingresar a la web sunat
2024-12-26 06:16:41; Dam 23100 aun no tiene CANAL
2024-12-26 06:16:58; Dam 3329 aun no tiene CANAL
2024-12-26 06:16:59; 52259 Ya esta registrado en la DB
2024-12-26 06:16:59; 34456 Ya esta registrado en la DB
2024-12-26 06:16:59; 34459 Ya esta registrado en la DB
2024-12-26 06:16:59; 23077 Ya esta registrado en la DB
2024-12-26 06:16:59; 34676 Ya esta registrado en la DB
2024-12-26 06:16:59; 9204 Ya esta registrado en la DB
2024-12-26 06:17:16; Dam 23106 aun no tiene CANAL
2024-12-26 06:17:33; Dam 23103 aun no tiene CANAL
2024-12-26 06:17:51; Dam 23104 aun no tiene CANAL
2024-12-26 06:17:52; 22810 Ya esta registrado en la DB
2024-12-26 06:17:52; 35161 Ya esta registrado en la DB
2024-12-26 06:17:52; 9207 Ya esta registrado en la DB
2024-12-26 06:17:52; 9206 Ya esta registrado en la DB
2024-12-26 06:17:52; 35152 Ya esta registrado en la DB
2024-12-26 06:18:08; Dam 23192 aun no tiene CANAL
2024-12-26 06:18:09; 23190 Ya esta registrado en la DB
2024-12-26 06:18:09; 23271 Ya esta registrado en la DB
2024-12-26 06:18:09; 23361 Ya esta registrado en la DB
2024-12-26 06:18:09; 52845 Ya esta registrado en la DB
2024-12-26 06:18:26; Dam 53025 aun no tiene CANAL
2024-12-26 06:18:27; 53557 Ya esta registrado en la DB
2024-12-26 06:18:27; 51839 Ya esta registrado en la DB
2024-12-26 06:18:34; se cerro la pagina de SUNAT con éxito
2024-12-26 06:18:40; No se pudo encontrar datos a procesar